2018-11-30 09:51:20 -Starting BootdoApplication on PC201808081633 with PID 3692 (C:\MyWorks\IDEA2017WorkSpace01\bootdo\target\classes started by Administrator in C:\MyWorks\IDEA2017WorkSpace01\bootdo)
2018-11-30 09:51:20 -Running with Spring Boot v2.0.5.RELEASE, Spring v5.0.9.RELEASE
2018-11-30 09:51:20 -The following profiles are active: dev
2018-11-30 09:51:20 -Refreshing org.springframework.boot.web.servlet.context.AnnotationConfigServletWebServerApplicationContext@362045c0: startup date [Fri Nov 30 09:51:20 CST 2018]; root of context hierarchy
2018-11-30 09:51:21 -Multiple Spring Data modules found, entering strict repository configuration mode!
2018-11-30 09:51:21 -Bean 'org.springframework.transaction.annotation.ProxyTransactionManagementConfiguration' of type [org.springframework.transaction.annotation.ProxyTransactionManagementConfiguration$$EnhancerBySpringCGLIB$$3c1a930] is not eligible for getting processed by all BeanPostProcessors (for example: not eligible for auto-proxying)
2018-11-30 09:51:22 -Bean 'shiroConfig' of type [com.bootdo.system.config.ShiroConfig$$EnhancerBySpringCGLIB$$f61ad7d7] is not eligible for getting processed by all BeanPostProcessors (for example: not eligible for auto-proxying)
2018-11-30 09:51:22 -Bean 'userRealm' of type [com.bootdo.system.shiro.UserRealm] is not eligible for getting processed by all BeanPostProcessors (for example: not eligible for auto-proxying)
2018-11-30 09:51:22 -No configuration found. Configuring ehcache from ehcache-failsafe.xml  found in the classpath: jar:file:/C:/Users/Administrator/.m2/repository/net/sf/ehcache/ehcache/2.10.5/ehcache-2.10.5.jar!/ehcache-failsafe.xml
2018-11-30 09:51:22 -Bean 'cacheManager2' of type [net.sf.ehcache.CacheManager] is not eligible for getting processed by all BeanPostProcessors (for example: not eligible for auto-proxying)
2018-11-30 09:51:22 -Bean 'ehCacheManager' of type [org.apache.shiro.cache.ehcache.EhCacheManager] is not eligible for getting processed by all BeanPostProcessors (for example: not eligible for auto-proxying)
2018-11-30 09:51:22 -Cache with name 'com.bootdo.system.shiro.UserRealm.authorizationCache' does not yet exist.  Creating now.
2018-11-30 09:51:22 -Added EhCache named [com.bootdo.system.shiro.UserRealm.authorizationCache]
2018-11-30 09:51:22 -Bean 'sessionDAO' of type [org.apache.shiro.session.mgt.eis.MemorySessionDAO] is not eligible for getting processed by all BeanPostProcessors (for example: not eligible for auto-proxying)
2018-11-30 09:51:22 -Bean 'sessionManager' of type [org.apache.shiro.web.session.mgt.DefaultWebSessionManager] is not eligible for getting processed by all BeanPostProcessors (for example: not eligible for auto-proxying)
2018-11-30 09:51:22 -Bean 'securityManager' of type [org.apache.shiro.web.mgt.DefaultWebSecurityManager] is not eligible for getting processed by all BeanPostProcessors (for example: not eligible for auto-proxying)
2018-11-30 09:51:22 -Bean 'authorizationAttributeSourceAdvisor' of type [org.apache.shiro.spring.security.interceptor.AuthorizationAttributeSourceAdvisor] is not eligible for getting processed by all BeanPostProcessors (for example: not eligible for auto-proxying)
2018-11-30 09:51:23 -Tomcat initialized with port(s): 8099 (http)
2018-11-30 09:51:23 -Initializing ProtocolHandler ["http-nio-8099"]
2018-11-30 09:51:23 -Starting service [Tomcat]
2018-11-30 09:51:23 -Starting Servlet Engine: Apache Tomcat/8.5.34
2018-11-30 09:51:23 -The APR based Apache Tomcat Native library which allows optimal performance in production environments was not found on the java.library.path: [C:\Java\jdk1.8\bin;C:\Windows\Sun\Java\bin;C:\Windows\system32;C:\Windows;C:\Windows\system32;C:\Windows;C:\Windows\System32\Wbem;C:\Windows\System32\WindowsPowerShell\v1.0\;C:\Java\jdk1.8\bin;C:\Java\jdk1.8\jre\bin;C:\MyWorks\Maven\apache-maven-3.5.4\bin;C:\Program Files (x86)\SSH Communications Security\SSH Secure Shell;.]
2018-11-30 09:51:23 -Initializing Spring embedded WebApplicationContext
2018-11-30 09:51:23 -Root WebApplicationContext: initialization completed in 3253 ms
2018-11-30 09:51:23 -Mapping filter: 'characterEncodingFilter' to: [/*]
2018-11-30 09:51:23 -Mapping filter: 'hiddenHttpMethodFilter' to: [/*]
2018-11-30 09:51:23 -Mapping filter: 'httpPutFormContentFilter' to: [/*]
2018-11-30 09:51:23 -Mapping filter: 'requestContextFilter' to: [/*]
2018-11-30 09:51:23 -Filter xssFilter was not registered (disabled)
2018-11-30 09:51:23 -Mapping filter: 'webStatFilter' to urls: [/*]
2018-11-30 09:51:23 -Mapping filter: 'shiroFilterFactoryBean' to: [/*]
2018-11-30 09:51:23 -Servlet statViewServlet mapped to [/druid/*]
2018-11-30 09:51:23 -Servlet dispatcherServlet mapped to [/]
2018-11-30 09:51:24 -{dataSource-1} inited
2018-11-30 09:51:25 -ProcessEngine default created
2018-11-30 09:51:25 -ApplicationContext registed-->org.springframework.boot.web.servlet.context.AnnotationConfigServletWebServerApplicationContext@362045c0: startup date [Fri Nov 30 09:51:20 CST 2018]; root of context hierarchy
2018-11-30 09:51:25 -Using default implementation for ThreadExecutor
2018-11-30 09:51:25 -Initialized Scheduler Signaller of type: class org.quartz.core.SchedulerSignalerImpl
2018-11-30 09:51:25 -Quartz Scheduler v.2.2.1 created.
2018-11-30 09:51:25 -RAMJobStore initialized.
2018-11-30 09:51:25 -Scheduler meta-data: Quartz Scheduler (v2.2.1) 'schedulerFactoryBean' with instanceId 'NON_CLUSTERED'
  Scheduler class: 'org.quartz.core.QuartzScheduler' - running locally.
  NOT STARTED.
  Currently in standby mode.
  Number of jobs executed: 0
  Using thread pool 'org.quartz.simpl.SimpleThreadPool' - with 10 threads.
  Using job-store 'org.quartz.simpl.RAMJobStore' - which does not support persistence. and is not clustered.

2018-11-30 09:51:25 -Quartz scheduler 'schedulerFactoryBean' initialized from an externally provided properties instance.
2018-11-30 09:51:25 -Quartz scheduler version: 2.2.1
2018-11-30 09:51:25 -JobFactory set to: com.bootdo.common.quartz.factory.JobFactory@61d7bb61
2018-11-30 09:51:25 -Initializing ExecutorService  'clientInboundChannelExecutor'
2018-11-30 09:51:25 -Initializing ExecutorService  'clientOutboundChannelExecutor'
2018-11-30 09:51:26 -Mapped "{[/activiti/model/{id}],methods=[DELETE]}" onto public com.bootdo.common.utils.R com.bootdo.activiti.controller.ModelController.remove(java.lang.String)
2018-11-30 09:51:26 -Mapped "{[/activiti/model/list],methods=[GET]}" onto com.bootdo.common.utils.PageUtils com.bootdo.activiti.controller.ModelController.list(int,int)
2018-11-30 09:51:26 -Mapped "{[/activiti/model/batchRemove],methods=[POST]}" onto public com.bootdo.common.utils.R com.bootdo.activiti.controller.ModelController.batchRemove(java.lang.String[])
2018-11-30 09:51:26 -Mapped "{[/activiti/model],methods=[GET]}" onto org.springframework.web.servlet.ModelAndView com.bootdo.activiti.controller.ModelController.model()
2018-11-30 09:51:26 -Mapped "{[/activiti/model/add]}" onto public void com.bootdo.activiti.controller.ModelController.newModel(javax.servlet.http.HttpServletResponse) throws java.io.UnsupportedEncodingException
2018-11-30 09:51:26 -Mapped "{[/activiti/model/{modelId}/json],methods=[GET]}" onto public com.fasterxml.jackson.databind.node.ObjectNode com.bootdo.activiti.controller.ModelController.getEditorJson(java.lang.String)
2018-11-30 09:51:26 -Mapped "{[/activiti/editor/stencilset],methods=[GET],produces=[application/json;charset=utf-8]}" onto public java.lang.String com.bootdo.activiti.controller.ModelController.getStencilset()
2018-11-30 09:51:26 -Mapped "{[/activiti/model/edit/{id}],methods=[GET]}" onto public void com.bootdo.activiti.controller.ModelController.edit(javax.servlet.http.HttpServletResponse,java.lang.String)
2018-11-30 09:51:26 -Mapped "{[/activiti/model/deploy/{id}],methods=[POST]}" onto public com.bootdo.common.utils.R com.bootdo.activiti.controller.ModelController.deploy(java.lang.String) throws java.lang.Exception
2018-11-30 09:51:26 -Mapped "{[/activiti/model/{modelId}/save],methods=[PUT]}" onto public void com.bootdo.activiti.controller.ModelController.saveModel(java.lang.String,java.lang.String,java.lang.String,java.lang.String,java.lang.String)
2018-11-30 09:51:26 -Mapped "{[/activiti/model/export/{id}],methods=[GET]}" onto public void com.bootdo.activiti.controller.ModelController.exportToXml(java.lang.String,javax.servlet.http.HttpServletResponse)
2018-11-30 09:51:26 -Mapped "{[/activiti/process/add],methods=[GET]}" onto public org.springframework.web.servlet.ModelAndView com.bootdo.activiti.controller.ProcessController.add()
2018-11-30 09:51:26 -Mapped "{[/activiti/process/remove],methods=[POST]}" onto public com.bootdo.common.utils.R com.bootdo.activiti.controller.ProcessController.remove(java.lang.String)
2018-11-30 09:51:26 -Mapped "{[/activiti/process/list],methods=[GET]}" onto com.bootdo.common.utils.PageUtils com.bootdo.activiti.controller.ProcessController.list(int,int)
2018-11-30 09:51:26 -Mapped "{[/activiti/process/batchRemove],methods=[POST]}" onto public com.bootdo.common.utils.R com.bootdo.activiti.controller.ProcessController.batchRemove(java.lang.String[])
2018-11-30 09:51:26 -Mapped "{[/activiti/process],methods=[GET]}" onto org.springframework.web.servlet.ModelAndView com.bootdo.activiti.controller.ProcessController.process()
2018-11-30 09:51:26 -Mapped "{[/activiti/process/save],methods=[POST]}" onto public com.bootdo.common.utils.R com.bootdo.activiti.controller.ProcessController.deploy(java.lang.String,java.lang.String,org.springframework.web.multipart.MultipartFile)
2018-11-30 09:51:26 -Mapped "{[/activiti/process/resource/read/{xml}/{id}]}" onto public void com.bootdo.activiti.controller.ProcessController.resourceRead(java.lang.String,java.lang.String,javax.servlet.http.HttpServletResponse) throws java.lang.Exception
2018-11-30 09:51:26 -Mapped "{[/activiti/process/convertToModel/{procDefId}]}" onto public com.bootdo.common.utils.R com.bootdo.activiti.controller.ProcessController.convertToModel(java.lang.String,org.springframework.web.servlet.mvc.support.RedirectAttributes) throws java.io.UnsupportedEncodingException,javax.xml.stream.XMLStreamException
2018-11-30 09:51:26 -Mapped "{[/act/salary/form],methods=[GET]}" onto java.lang.String com.bootdo.activiti.controller.SalaryController.add()
2018-11-30 09:51:26 -Mapped "{[/act/salary/remove],methods=[POST]}" onto public com.bootdo.common.utils.R com.bootdo.activiti.controller.SalaryController.remove(java.lang.String)
2018-11-30 09:51:26 -Mapped "{[/act/salary/batchRemove],methods=[POST]}" onto public com.bootdo.common.utils.R com.bootdo.activiti.controller.SalaryController.remove(java.lang.String[])
2018-11-30 09:51:26 -Mapped "{[/act/salary/update]}" onto public com.bootdo.common.utils.R com.bootdo.activiti.controller.SalaryController.update(com.bootdo.activiti.domain.SalaryDO)
2018-11-30 09:51:26 -Mapped "{[/act/salary/list],methods=[GET]}" onto public com.bootdo.common.utils.PageUtils com.bootdo.activiti.controller.SalaryController.list(java.util.Map<java.lang.String, java.lang.Object>)
2018-11-30 09:51:26 -Mapped "{[/act/salary/form/{taskId}],methods=[GET]}" onto java.lang.String com.bootdo.activiti.controller.SalaryController.edit(java.lang.String,org.springframework.ui.Model)
2018-11-30 09:51:26 -Mapped "{[/act/salary],methods=[GET]}" onto java.lang.String com.bootdo.activiti.controller.SalaryController.Salary()
2018-11-30 09:51:26 -Mapped "{[/act/salary/save],methods=[POST]}" onto public com.bootdo.common.utils.R com.bootdo.activiti.controller.SalaryController.saveOrUpdate(com.bootdo.activiti.domain.SalaryDO)
2018-11-30 09:51:26 -Mapped "{[/activiti/task/form/{procDefId}/{taskId}],methods=[GET]}" onto public void com.bootdo.activiti.controller.TaskController.form(java.lang.String,java.lang.String,javax.servlet.http.HttpServletResponse) throws java.io.IOException
2018-11-30 09:51:26 -Mapped "{[/activiti/task/gotoList],methods=[GET]}" onto com.bootdo.common.utils.PageUtils com.bootdo.activiti.controller.TaskController.list(int,int)
2018-11-30 09:51:26 -Mapped "{[/activiti/task/form/{procDefId}],methods=[GET]}" onto public void com.bootdo.activiti.controller.TaskController.startForm(java.lang.String,javax.servlet.http.HttpServletResponse) throws java.io.IOException
2018-11-30 09:51:26 -Mapped "{[/activiti/task/goto],methods=[GET]}" onto public org.springframework.web.servlet.ModelAndView com.bootdo.activiti.controller.TaskController.gotoTask()
2018-11-30 09:51:26 -Mapped "{[/activiti/task/todo],methods=[GET]}" onto org.springframework.web.servlet.ModelAndView com.bootdo.activiti.controller.TaskController.todo()
2018-11-30 09:51:26 -Mapped "{[/activiti/task/todoList],methods=[GET]}" onto java.util.List<com.bootdo.activiti.vo.TaskVO> com.bootdo.activiti.controller.TaskController.todoList()
2018-11-30 09:51:26 -Mapped "{[/activiti/task/trace/photo/{procDefId}/{execId}]}" onto public void com.bootdo.activiti.controller.TaskController.tracePhoto(java.lang.String,java.lang.String,javax.servlet.http.HttpServletResponse) throws java.lang.Exception
2018-11-30 09:51:26 -Mapped "{[/blog/open/post/{cid}],methods=[GET]}" onto java.lang.String com.bootdo.blog.controller.BlogController.post(java.lang.Long,org.springframework.ui.Model)
2018-11-30 09:51:26 -Mapped "{[/blog],methods=[GET]}" onto java.lang.String com.bootdo.blog.controller.BlogController.blog()
2018-11-30 09:51:26 -Mapped "{[/blog/open/list],methods=[GET]}" onto public com.bootdo.common.utils.PageUtils com.bootdo.blog.controller.BlogController.opentList(java.util.Map<java.lang.String, java.lang.Object>)
2018-11-30 09:51:26 -Mapped "{[/blog/open/page/{categories}],methods=[GET]}" onto java.lang.String com.bootdo.blog.controller.BlogController.about(java.lang.String,org.springframework.ui.Model)
2018-11-30 09:51:26 -Mapped "{[/blog/bContent/add],methods=[GET]}" onto java.lang.String com.bootdo.blog.controller.ContentController.add()
2018-11-30 09:51:26 -Mapped "{[/blog/bContent/remove],methods=[POST]}" onto public com.bootdo.common.utils.R com.bootdo.blog.controller.ContentController.remove(java.lang.Long)
2018-11-30 09:51:26 -Mapped "{[/blog/bContent/batchRemove],methods=[POST]}" onto public com.bootdo.common.utils.R com.bootdo.blog.controller.ContentController.remove(java.lang.Long[])
2018-11-30 09:51:26 -Mapped "{[/blog/bContent/update]}" onto public com.bootdo.common.utils.R com.bootdo.blog.controller.ContentController.update(com.bootdo.blog.domain.ContentDO)
2018-11-30 09:51:26 -Mapped "{[/blog/bContent/list],methods=[GET]}" onto public com.bootdo.common.utils.PageUtils com.bootdo.blog.controller.ContentController.list(java.util.Map<java.lang.String, java.lang.Object>)
2018-11-30 09:51:26 -Mapped "{[/blog/bContent/save],methods=[POST]}" onto public com.bootdo.common.utils.R com.bootdo.blog.controller.ContentController.save(com.bootdo.blog.domain.ContentDO)
2018-11-30 09:51:26 -Mapped "{[/blog/bContent/edit/{cid}],methods=[GET]}" onto java.lang.String com.bootdo.blog.controller.ContentController.edit(java.lang.Long,org.springframework.ui.Model)
2018-11-30 09:51:26 -Mapped "{[/blog/bContent],methods=[GET]}" onto java.lang.String com.bootdo.blog.controller.ContentController.bContent()
2018-11-30 09:51:26 -Mapped "{[/common/dict/add],methods=[GET]}" onto java.lang.String com.bootdo.common.controller.DictController.add()
2018-11-30 09:51:26 -Mapped "{[/common/dict/remove],methods=[POST]}" onto public com.bootdo.common.utils.R com.bootdo.common.controller.DictController.remove(java.lang.Long)
2018-11-30 09:51:26 -Mapped "{[/common/dict/batchRemove],methods=[POST]}" onto public com.bootdo.common.utils.R com.bootdo.common.controller.DictController.remove(java.lang.Long[])
2018-11-30 09:51:26 -Mapped "{[/common/dict/update]}" onto public com.bootdo.common.utils.R com.bootdo.common.controller.DictController.update(com.bootdo.common.domain.DictDO)
2018-11-30 09:51:26 -Mapped "{[/common/dict/list],methods=[GET]}" onto public com.bootdo.common.utils.PageUtils com.bootdo.common.controller.DictController.list(java.util.Map<java.lang.String, java.lang.Object>)
2018-11-30 09:51:26 -Mapped "{[/common/dict/save],methods=[POST]}" onto public com.bootdo.common.utils.R com.bootdo.common.controller.DictController.save(com.bootdo.common.domain.DictDO)
2018-11-30 09:51:26 -Mapped "{[/common/dict/type],methods=[GET]}" onto public java.util.List<com.bootdo.common.domain.DictDO> com.bootdo.common.controller.DictController.listType()
2018-11-30 09:51:26 -Mapped "{[/common/dict/edit/{id}],methods=[GET]}" onto java.lang.String com.bootdo.common.controller.DictController.edit(java.lang.Long,org.springframework.ui.Model)
2018-11-30 09:51:26 -Mapped "{[/common/dict],methods=[GET]}" onto java.lang.String com.bootdo.common.controller.DictController.dict()
2018-11-30 09:51:26 -Mapped "{[/common/dict/add/{type}/{description}],methods=[GET]}" onto java.lang.String com.bootdo.common.controller.DictController.addD(org.springframework.ui.Model,java.lang.String,java.lang.String)
2018-11-30 09:51:26 -Mapped "{[/common/dict/list/{type}],methods=[GET]}" onto public java.util.List<com.bootdo.common.domain.DictDO> com.bootdo.common.controller.DictController.listByType(java.lang.String)
2018-11-30 09:51:26 -Mapped "{[/common/sysFile/add],methods=[GET]}" onto java.lang.String com.bootdo.common.controller.FileController.add()
2018-11-30 09:51:26 -Mapped "{[/common/sysFile/remove],methods=[POST]}" onto public com.bootdo.common.utils.R com.bootdo.common.controller.FileController.remove(java.lang.Long,javax.servlet.http.HttpServletRequest)
2018-11-30 09:51:26 -Mapped "{[/common/sysFile/batchRemove],methods=[POST]}" onto public com.bootdo.common.utils.R com.bootdo.common.controller.FileController.remove(java.lang.Long[])
2018-11-30 09:51:26 -Mapped "{[/common/sysFile/update]}" onto public com.bootdo.common.utils.R com.bootdo.common.controller.FileController.update(com.bootdo.common.domain.FileDO)
2018-11-30 09:51:26 -Mapped "{[/common/sysFile/list],methods=[GET]}" onto public com.bootdo.common.utils.PageUtils com.bootdo.common.controller.FileController.list(java.util.Map<java.lang.String, java.lang.Object>)
2018-11-30 09:51:26 -Mapped "{[/common/sysFile/save],methods=[POST]}" onto public com.bootdo.common.utils.R com.bootdo.common.controller.FileController.save(com.bootdo.common.domain.FileDO)
2018-11-30 09:51:26 -Mapped "{[/common/sysFile/info/{id}]}" onto public com.bootdo.common.utils.R com.bootdo.common.controller.FileController.info(java.lang.Long)
2018-11-30 09:51:26 -Mapped "{[/common/sysFile/edit],methods=[GET]}" onto java.lang.String com.bootdo.common.controller.FileController.edit(java.lang.Long,org.springframework.ui.Model)
2018-11-30 09:51:26 -Mapped "{[/common/sysFile],methods=[GET]}" onto java.lang.String com.bootdo.common.controller.FileController.sysFile(org.springframework.ui.Model)
2018-11-30 09:51:26 -Mapped "{[/common/sysFile/upload],methods=[POST]}" onto com.bootdo.common.utils.R com.bootdo.common.controller.FileController.upload(org.springframework.web.multipart.MultipartFile,javax.servlet.http.HttpServletRequest)
2018-11-30 09:51:26 -Mapped "{[/common/generator/update],methods=[POST]}" onto com.bootdo.common.utils.R com.bootdo.common.controller.GeneratorController.update(java.util.Map<java.lang.String, java.lang.Object>)
2018-11-30 09:51:26 -Mapped "{[/common/generator/list],methods=[GET]}" onto java.util.List<java.util.Map<java.lang.String, java.lang.Object>> com.bootdo.common.controller.GeneratorController.list()
2018-11-30 09:51:26 -Mapped "{[/common/generator/code/{tableName}]}" onto public void com.bootdo.common.controller.GeneratorController.code(javax.servlet.http.HttpServletRequest,javax.servlet.http.HttpServletResponse,java.lang.String) throws java.io.IOException
2018-11-30 09:51:26 -Mapped "{[/common/generator],methods=[GET]}" onto java.lang.String com.bootdo.common.controller.GeneratorController.generator()
2018-11-30 09:51:26 -Mapped "{[/common/generator/edit],methods=[GET]}" onto public java.lang.String com.bootdo.common.controller.GeneratorController.edit(org.springframework.ui.Model)
2018-11-30 09:51:26 -Mapped "{[/common/generator/batchCode]}" onto public void com.bootdo.common.controller.GeneratorController.batchCode(javax.servlet.http.HttpServletRequest,javax.servlet.http.HttpServletResponse,java.lang.String) throws java.io.IOException
2018-11-30 09:51:26 -Mapped "{[/common/job/add],methods=[GET]}" onto java.lang.String com.bootdo.common.controller.JobController.add()
2018-11-30 09:51:26 -Mapped "{[/common/job/remove],methods=[POST]}" onto public com.bootdo.common.utils.R com.bootdo.common.controller.JobController.remove(java.lang.Long)
2018-11-30 09:51:26 -Mapped "{[/common/job/batchRemove],methods=[POST]}" onto public com.bootdo.common.utils.R com.bootdo.common.controller.JobController.remove(java.lang.Long[])
2018-11-30 09:51:26 -Mapped "{[/common/job/update],methods=[POST]}" onto public com.bootdo.common.utils.R com.bootdo.common.controller.JobController.update(com.bootdo.common.domain.TaskDO)
2018-11-30 09:51:26 -Mapped "{[/common/job/list],methods=[GET]}" onto public com.bootdo.common.utils.PageUtils com.bootdo.common.controller.JobController.list(java.util.Map<java.lang.String, java.lang.Object>)
2018-11-30 09:51:26 -Mapped "{[/common/job/save],methods=[POST]}" onto public com.bootdo.common.utils.R com.bootdo.common.controller.JobController.save(com.bootdo.common.domain.TaskDO)
2018-11-30 09:51:26 -Mapped "{[/common/job/info/{id}]}" onto public com.bootdo.common.utils.R com.bootdo.common.controller.JobController.info(java.lang.Long)
2018-11-30 09:51:26 -Mapped "{[/common/job/edit/{id}],methods=[GET]}" onto java.lang.String com.bootdo.common.controller.JobController.edit(java.lang.Long,org.springframework.ui.Model)
2018-11-30 09:51:26 -Mapped "{[/common/job/changeJobStatus],methods=[POST]}" onto public com.bootdo.common.utils.R com.bootdo.common.controller.JobController.changeJobStatus(java.lang.Long,java.lang.String)
2018-11-30 09:51:26 -Mapped "{[/common/job],methods=[GET]}" onto java.lang.String com.bootdo.common.controller.JobController.taskScheduleJob()
2018-11-30 09:51:26 -Mapped "{[/common/log/remove],methods=[POST]}" onto com.bootdo.common.utils.R com.bootdo.common.controller.LogController.remove(java.lang.Long)
2018-11-30 09:51:26 -Mapped "{[/common/log],methods=[GET]}" onto java.lang.String com.bootdo.common.controller.LogController.log()
2018-11-30 09:51:26 -Mapped "{[/common/log/list],methods=[GET]}" onto com.bootdo.common.domain.PageDO<com.bootdo.common.domain.LogDO> com.bootdo.common.controller.LogController.list(java.util.Map<java.lang.String, java.lang.Object>)
2018-11-30 09:51:26 -Mapped "{[/common/log/batchRemove],methods=[POST]}" onto com.bootdo.common.utils.R com.bootdo.common.controller.LogController.batchRemove(java.lang.Long[])
2018-11-30 09:51:26 -Mapped "{[/error]}" onto public com.bootdo.common.utils.R com.bootdo.common.exception.MainsiteErrorController.handleError(javax.servlet.http.HttpServletRequest,javax.servlet.http.HttpServletResponse)
2018-11-30 09:51:26 -Mapped "{[/error],produces=[text/html]}" onto public org.springframework.web.servlet.ModelAndView com.bootdo.common.exception.MainsiteErrorController.errorHtml(javax.servlet.http.HttpServletRequest,javax.servlet.http.HttpServletResponse)
2018-11-30 09:51:26 -Mapped "{[/frequent/list],methods=[GET]}" onto public java.lang.String com.bootdo.frequent.controller.FrequentContactController.list()
2018-11-30 09:51:26 -Mapped "{[/frequent/query],methods=[GET]}" onto public com.bootdo.frequent.domain.FrequentContact com.bootdo.frequent.controller.FrequentContactController.selectById()
2018-11-30 09:51:26 -Mapped "{[/oa/notify/add],methods=[GET]}" onto java.lang.String com.bootdo.oa.controller.NotifyController.add()
2018-11-30 09:51:26 -Mapped "{[/oa/notify/remove],methods=[POST]}" onto public com.bootdo.common.utils.R com.bootdo.oa.controller.NotifyController.remove(java.lang.Long)
2018-11-30 09:51:26 -Mapped "{[/oa/notify/batchRemove],methods=[POST]}" onto public com.bootdo.common.utils.R com.bootdo.oa.controller.NotifyController.remove(java.lang.Long[])
2018-11-30 09:51:26 -Mapped "{[/oa/notify/update]}" onto public com.bootdo.common.utils.R com.bootdo.oa.controller.NotifyController.update(com.bootdo.oa.domain.NotifyDO)
2018-11-30 09:51:26 -Mapped "{[/oa/notify/read/{id}],methods=[GET]}" onto java.lang.String com.bootdo.oa.controller.NotifyController.read(java.lang.Long,org.springframework.ui.Model)
2018-11-30 09:51:26 -Mapped "{[/oa/notify/list],methods=[GET]}" onto public com.bootdo.common.utils.PageUtils com.bootdo.oa.controller.NotifyController.list(java.util.Map<java.lang.String, java.lang.Object>)
2018-11-30 09:51:26 -Mapped "{[/oa/notify/save],methods=[POST]}" onto public com.bootdo.common.utils.R com.bootdo.oa.controller.NotifyController.save(com.bootdo.oa.domain.NotifyDO)
2018-11-30 09:51:26 -Mapped "{[/oa/notify/message],methods=[GET]}" onto com.bootdo.common.utils.PageUtils com.bootdo.oa.controller.NotifyController.message()
2018-11-30 09:51:26 -Mapped "{[/oa/notify/edit/{id}],methods=[GET]}" onto java.lang.String com.bootdo.oa.controller.NotifyController.edit(java.lang.Long,org.springframework.ui.Model)
2018-11-30 09:51:26 -Mapped "{[/oa/notify],methods=[GET]}" onto java.lang.String com.bootdo.oa.controller.NotifyController.oaNotify()
2018-11-30 09:51:26 -Mapped "{[/oa/notify/selfNotify],methods=[GET]}" onto java.lang.String com.bootdo.oa.controller.NotifyController.selefNotify()
2018-11-30 09:51:26 -Mapped "{[/oa/notify/selfList],methods=[GET]}" onto com.bootdo.common.utils.PageUtils com.bootdo.oa.controller.NotifyController.selfList(java.util.Map<java.lang.String, java.lang.Object>)
2018-11-30 09:51:26 -Mapped "{[/system/sysDept/add/{pId}],methods=[GET]}" onto java.lang.String com.bootdo.system.controller.DeptController.add(java.lang.Long,org.springframework.ui.Model)
2018-11-30 09:51:26 -Mapped "{[/system/sysDept/remove],methods=[POST]}" onto public com.bootdo.common.utils.R com.bootdo.system.controller.DeptController.remove(java.lang.Long)
2018-11-30 09:51:26 -Mapped "{[/system/sysDept/batchRemove],methods=[POST]}" onto public com.bootdo.common.utils.R com.bootdo.system.controller.DeptController.remove(java.lang.Long[])
2018-11-30 09:51:26 -Mapped "{[/system/sysDept/update]}" onto public com.bootdo.common.utils.R com.bootdo.system.controller.DeptController.update(com.bootdo.system.domain.DeptDO)
2018-11-30 09:51:26 -Mapped "{[/system/sysDept/list],methods=[GET]}" onto public java.util.List<com.bootdo.system.domain.DeptDO> com.bootdo.system.controller.DeptController.list()
2018-11-30 09:51:26 -Mapped "{[/system/sysDept/save],methods=[POST]}" onto public com.bootdo.common.utils.R com.bootdo.system.controller.DeptController.save(com.bootdo.system.domain.DeptDO)
2018-11-30 09:51:26 -Mapped "{[/system/sysDept/tree],methods=[GET]}" onto public com.bootdo.common.domain.Tree<com.bootdo.system.domain.DeptDO> com.bootdo.system.controller.DeptController.tree()
2018-11-30 09:51:26 -Mapped "{[/system/sysDept/edit/{deptId}],methods=[GET]}" onto java.lang.String com.bootdo.system.controller.DeptController.edit(java.lang.Long,org.springframework.ui.Model)
2018-11-30 09:51:26 -Mapped "{[/system/sysDept],methods=[GET]}" onto java.lang.String com.bootdo.system.controller.DeptController.dept()
2018-11-30 09:51:26 -Mapped "{[/system/sysDept/treeView],methods=[GET]}" onto java.lang.String com.bootdo.system.controller.DeptController.treeView()
2018-11-30 09:51:26 -Mapped "{[/index],methods=[GET]}" onto java.lang.String com.bootdo.system.controller.LoginController.index(org.springframework.ui.Model)
2018-11-30 09:51:26 -Mapped "{[/main],methods=[GET]}" onto java.lang.String com.bootdo.system.controller.LoginController.main()
2018-11-30 09:51:26 -Mapped "{[/login],methods=[GET]}" onto java.lang.String com.bootdo.system.controller.LoginController.login()
2018-11-30 09:51:26 -Mapped "{[/logout],methods=[GET]}" onto java.lang.String com.bootdo.system.controller.LoginController.logout()
2018-11-30 09:51:26 -Mapped "{[/ || ],methods=[GET]}" onto java.lang.String com.bootdo.system.controller.LoginController.welcome(org.springframework.ui.Model)
2018-11-30 09:51:26 -Mapped "{[/login],methods=[POST]}" onto com.bootdo.common.utils.R com.bootdo.system.controller.LoginController.ajaxLogin(java.lang.String,java.lang.String)
2018-11-30 09:51:26 -Mapped "{[/sys/menu/add/{pId}],methods=[GET]}" onto java.lang.String com.bootdo.system.controller.MenuController.add(org.springframework.ui.Model,java.lang.Long)
2018-11-30 09:51:26 -Mapped "{[/sys/menu/remove],methods=[POST]}" onto com.bootdo.common.utils.R com.bootdo.system.controller.MenuController.remove(java.lang.Long)
2018-11-30 09:51:26 -Mapped "{[/sys/menu/update],methods=[POST]}" onto com.bootdo.common.utils.R com.bootdo.system.controller.MenuController.update(com.bootdo.system.domain.MenuDO)
2018-11-30 09:51:26 -Mapped "{[/sys/menu/list]}" onto java.util.List<com.bootdo.system.domain.MenuDO> com.bootdo.system.controller.MenuController.list(java.util.Map<java.lang.String, java.lang.Object>)
2018-11-30 09:51:26 -Mapped "{[/sys/menu/save],methods=[POST]}" onto com.bootdo.common.utils.R com.bootdo.system.controller.MenuController.save(com.bootdo.system.domain.MenuDO)
2018-11-30 09:51:26 -Mapped "{[/sys/menu/tree/{roleId}],methods=[GET]}" onto com.bootdo.common.domain.Tree<com.bootdo.system.domain.MenuDO> com.bootdo.system.controller.MenuController.tree(java.lang.Long)
2018-11-30 09:51:26 -Mapped "{[/sys/menu/tree],methods=[GET]}" onto com.bootdo.common.domain.Tree<com.bootdo.system.domain.MenuDO> com.bootdo.system.controller.MenuController.tree()
2018-11-30 09:51:26 -Mapped "{[/sys/menu/edit/{id}],methods=[GET]}" onto java.lang.String com.bootdo.system.controller.MenuController.edit(org.springframework.ui.Model,java.lang.Long)
2018-11-30 09:51:26 -Mapped "{[/sys/menu],methods=[GET]}" onto java.lang.String com.bootdo.system.controller.MenuController.menu(org.springframework.ui.Model)
2018-11-30 09:51:26 -Mapped "{[/sys/role/add],methods=[GET]}" onto java.lang.String com.bootdo.system.controller.RoleController.add()
2018-11-30 09:51:26 -Mapped "{[/sys/role/update],methods=[POST]}" onto com.bootdo.common.utils.R com.bootdo.system.controller.RoleController.update(com.bootdo.system.domain.RoleDO)
2018-11-30 09:51:26 -Mapped "{[/sys/role/list],methods=[GET]}" onto java.util.List<com.bootdo.system.domain.RoleDO> com.bootdo.system.controller.RoleController.list()
2018-11-30 09:51:26 -Mapped "{[/sys/role/remove],methods=[POST]}" onto com.bootdo.common.utils.R com.bootdo.system.controller.RoleController.save(java.lang.Long)
2018-11-30 09:51:26 -Mapped "{[/sys/role/save],methods=[POST]}" onto com.bootdo.common.utils.R com.bootdo.system.controller.RoleController.save(com.bootdo.system.domain.RoleDO)
2018-11-30 09:51:26 -Mapped "{[/sys/role/batchRemove],methods=[POST]}" onto com.bootdo.common.utils.R com.bootdo.system.controller.RoleController.batchRemove(java.lang.Long[])
2018-11-30 09:51:26 -Mapped "{[/sys/role],methods=[GET]}" onto java.lang.String com.bootdo.system.controller.RoleController.role()
2018-11-30 09:51:26 -Mapped "{[/sys/role/edit/{id}],methods=[GET]}" onto java.lang.String com.bootdo.system.controller.RoleController.edit(java.lang.Long,org.springframework.ui.Model)
2018-11-30 09:51:26 -Mapped "{[/sys/online/list]}" onto public java.util.List<com.bootdo.system.domain.UserOnline> com.bootdo.system.controller.SessionController.list(javax.servlet.http.HttpServletRequest)
2018-11-30 09:51:26 -Mapped "{[/sys/online],methods=[GET]}" onto public java.lang.String com.bootdo.system.controller.SessionController.online()
2018-11-30 09:51:26 -Mapped "{[/sys/online/forceLogout/{sessionId}]}" onto public com.bootdo.common.utils.R com.bootdo.system.controller.SessionController.forceLogout(java.lang.String,org.springframework.web.servlet.mvc.support.RedirectAttributes)
2018-11-30 09:51:26 -Mapped "{[/sys/online/sessionList]}" onto public java.util.Collection<org.apache.shiro.session.Session> com.bootdo.system.controller.SessionController.sessionList()
2018-11-30 09:51:26 -Mapped "{[/sys/user/exit],methods=[POST]}" onto boolean com.bootdo.system.controller.UserController.exit(java.util.Map<java.lang.String, java.lang.Object>)
2018-11-30 09:51:26 -Mapped "{[/sys/user/add],methods=[GET]}" onto java.lang.String com.bootdo.system.controller.UserController.add(org.springframework.ui.Model)
2018-11-30 09:51:26 -Mapped "{[/sys/user/remove],methods=[POST]}" onto com.bootdo.common.utils.R com.bootdo.system.controller.UserController.remove(java.lang.Long)
2018-11-30 09:51:26 -Mapped "{[/sys/user/update],methods=[POST]}" onto com.bootdo.common.utils.R com.bootdo.system.controller.UserController.update(com.bootdo.system.domain.UserDO)
2018-11-30 09:51:26 -Mapped "{[/sys/user/list],methods=[GET]}" onto com.bootdo.common.utils.PageUtils com.bootdo.system.controller.UserController.list(java.util.Map<java.lang.String, java.lang.Object>)
2018-11-30 09:51:26 -Mapped "{[/sys/user/save],methods=[POST]}" onto com.bootdo.common.utils.R com.bootdo.system.controller.UserController.save(com.bootdo.system.domain.UserDO)
2018-11-30 09:51:26 -Mapped "{[/sys/user/batchRemove],methods=[POST]}" onto com.bootdo.common.utils.R com.bootdo.system.controller.UserController.batchRemove(java.lang.Long[])
2018-11-30 09:51:26 -Mapped "{[/sys/user/tree],methods=[GET]}" onto public com.bootdo.common.domain.Tree<com.bootdo.system.domain.DeptDO> com.bootdo.system.controller.UserController.tree()
2018-11-30 09:51:26 -Mapped "{[/sys/user],methods=[GET]}" onto java.lang.String com.bootdo.system.controller.UserController.user(org.springframework.ui.Model)
2018-11-30 09:51:26 -Mapped "{[/sys/user/edit/{id}],methods=[GET]}" onto java.lang.String com.bootdo.system.controller.UserController.edit(org.springframework.ui.Model,java.lang.Long)
2018-11-30 09:51:26 -Mapped "{[/sys/user/treeView],methods=[GET]}" onto java.lang.String com.bootdo.system.controller.UserController.treeView()
2018-11-30 09:51:26 -Mapped "{[/sys/user/updatePeronal],methods=[POST]}" onto com.bootdo.common.utils.R com.bootdo.system.controller.UserController.updatePeronal(com.bootdo.system.domain.UserDO)
2018-11-30 09:51:26 -Mapped "{[/sys/user/resetPwd],methods=[POST]}" onto com.bootdo.common.utils.R com.bootdo.system.controller.UserController.resetPwd(com.bootdo.system.vo.UserVO)
2018-11-30 09:51:26 -Mapped "{[/sys/user/resetPwd/{id}],methods=[GET]}" onto java.lang.String com.bootdo.system.controller.UserController.resetPwd(java.lang.Long,org.springframework.ui.Model)
2018-11-30 09:51:26 -Mapped "{[/sys/user/adminResetPwd],methods=[POST]}" onto com.bootdo.common.utils.R com.bootdo.system.controller.UserController.adminResetPwd(com.bootdo.system.vo.UserVO)
2018-11-30 09:51:26 -Mapped "{[/sys/user/personal],methods=[GET]}" onto java.lang.String com.bootdo.system.controller.UserController.personal(org.springframework.ui.Model)
2018-11-30 09:51:26 -Mapped "{[/sys/user/uploadImg],methods=[POST]}" onto com.bootdo.common.utils.R com.bootdo.system.controller.UserController.uploadImg(org.springframework.web.multipart.MultipartFile,java.lang.String,javax.servlet.http.HttpServletRequest)
2018-11-30 09:51:26 -Mapped "{[/v2/api-docs],methods=[GET],produces=[application/json || application/hal+json]}" onto public org.springframework.http.ResponseEntity<springfox.documentation.spring.web.json.Json> springfox.documentation.swagger2.web.Swagger2Controller.getDocumentation(java.lang.String,javax.servlet.http.HttpServletRequest)
2018-11-30 09:51:26 -Mapped "{[/swagger-resources/configuration/security]}" onto org.springframework.http.ResponseEntity<springfox.documentation.swagger.web.SecurityConfiguration> springfox.documentation.swagger.web.ApiResourceController.securityConfiguration()
2018-11-30 09:51:26 -Mapped "{[/swagger-resources/configuration/ui]}" onto org.springframework.http.ResponseEntity<springfox.documentation.swagger.web.UiConfiguration> springfox.documentation.swagger.web.ApiResourceController.uiConfiguration()
2018-11-30 09:51:26 -Mapped "{[/swagger-resources]}" onto org.springframework.http.ResponseEntity<java.util.List<springfox.documentation.swagger.web.SwaggerResource>> springfox.documentation.swagger.web.ApiResourceController.swaggerResources()
2018-11-30 09:51:26 -Initializing ExecutorService  'messageBrokerTaskScheduler'
2018-11-30 09:51:27 -Mapped URL path [/endpointChat/**] onto handler of type [class org.springframework.web.socket.sockjs.support.SockJsHttpRequestHandler]
2018-11-30 09:51:27 -Initializing ExecutorService  'brokerChannelExecutor'
2018-11-30 09:51:27 -Mapped URL path [/**/favicon.ico] onto handler of type [class org.springframework.web.servlet.resource.ResourceHttpRequestHandler]
2018-11-30 09:51:27 -Looking for @ControllerAdvice: org.springframework.boot.web.servlet.context.AnnotationConfigServletWebServerApplicationContext@362045c0: startup date [Fri Nov 30 09:51:20 CST 2018]; root of context hierarchy
2018-11-30 09:51:27 -Mapped URL path [/webjars/**] onto handler of type [class org.springframework.web.servlet.resource.ResourceHttpRequestHandler]
2018-11-30 09:51:27 -Mapped URL path [/**] onto handler of type [class org.springframework.web.servlet.resource.ResourceHttpRequestHandler]
2018-11-30 09:51:27 -Mapped URL path [/files/**] onto handler of type [class org.springframework.web.servlet.resource.ResourceHttpRequestHandler]
2018-11-30 09:51:27 -Detected @ExceptionHandler methods in BDExceptionHandler
2018-11-30 09:51:27 -[THYMELEAF][main] Template Mode 'LEGACYHTML5' is deprecated. Using Template Mode 'HTML' instead.
2018-11-30 09:51:28 -Registering beans for JMX exposure on startup
2018-11-30 09:51:28 -Bean with name 'dataSource' has been autodetected for JMX exposure
2018-11-30 09:51:28 -Located MBean 'dataSource': registering with JMX server as MBean [com.alibaba.druid.pool:name=dataSource,type=DruidDataSource]
2018-11-30 09:51:28 -Starting beans in phase 2147483647
2018-11-30 09:51:28 -Context refreshed
2018-11-30 09:51:28 -Found 1 custom documentation plugin(s)
2018-11-30 09:51:28 -Scanning for api listing references
2018-11-30 09:51:29 -Generating unique operation named: removeUsingPOST_1
2018-11-30 09:51:29 -Generating unique operation named: addUsingGET_1
2018-11-30 09:51:29 -Generating unique operation named: editUsingGET_1
2018-11-30 09:51:29 -Generating unique operation named: listUsingGET_1
2018-11-30 09:51:29 -Generating unique operation named: removeUsingPOST_2
2018-11-30 09:51:29 -Generating unique operation named: removeUsingPOST_3
2018-11-30 09:51:29 -Generating unique operation named: saveUsingPOST_1
2018-11-30 09:51:29 -Generating unique operation named: updateUsingGET_1
2018-11-30 09:51:29 -Generating unique operation named: updateUsingHEAD_1
2018-11-30 09:51:29 -Generating unique operation named: updateUsingPOST_1
2018-11-30 09:51:29 -Generating unique operation named: updateUsingPUT_1
2018-11-30 09:51:29 -Generating unique operation named: updateUsingPATCH_1
2018-11-30 09:51:29 -Generating unique operation named: updateUsingDELETE_1
2018-11-30 09:51:29 -Generating unique operation named: updateUsingOPTIONS_1
2018-11-30 09:51:29 -Generating unique operation named: updateUsingTRACE_1
2018-11-30 09:51:29 -Generating unique operation named: addUsingGET_2
2018-11-30 09:51:29 -Generating unique operation named: editUsingGET_2
2018-11-30 09:51:29 -Generating unique operation named: listUsingGET_2
2018-11-30 09:51:29 -Generating unique operation named: removeUsingPOST_4
2018-11-30 09:51:29 -Generating unique operation named: removeUsingPOST_5
2018-11-30 09:51:29 -Generating unique operation named: saveUsingPOST_2
2018-11-30 09:51:29 -Generating unique operation named: updateUsingGET_2
2018-11-30 09:51:29 -Generating unique operation named: updateUsingHEAD_2
2018-11-30 09:51:29 -Generating unique operation named: updateUsingPOST_2
2018-11-30 09:51:29 -Generating unique operation named: updateUsingPUT_2
2018-11-30 09:51:29 -Generating unique operation named: updateUsingPATCH_2
2018-11-30 09:51:29 -Generating unique operation named: updateUsingDELETE_2
2018-11-30 09:51:29 -Generating unique operation named: updateUsingOPTIONS_2
2018-11-30 09:51:29 -Generating unique operation named: updateUsingTRACE_2
2018-11-30 09:51:29 -Generating unique operation named: addUsingGET_3
2018-11-30 09:51:29 -Generating unique operation named: editUsingGET_3
2018-11-30 09:51:29 -Generating unique operation named: listUsingGET_3
2018-11-30 09:51:29 -Generating unique operation named: removeUsingPOST_6
2018-11-30 09:51:29 -Generating unique operation named: removeUsingPOST_7
2018-11-30 09:51:29 -Generating unique operation named: saveUsingPOST_3
2018-11-30 09:51:29 -Generating unique operation named: updateUsingGET_3
2018-11-30 09:51:29 -Generating unique operation named: updateUsingHEAD_3
2018-11-30 09:51:29 -Generating unique operation named: updateUsingPOST_3
2018-11-30 09:51:29 -Generating unique operation named: updateUsingPUT_3
2018-11-30 09:51:29 -Generating unique operation named: updateUsingPATCH_3
2018-11-30 09:51:29 -Generating unique operation named: updateUsingDELETE_3
2018-11-30 09:51:29 -Generating unique operation named: updateUsingOPTIONS_3
2018-11-30 09:51:29 -Generating unique operation named: updateUsingTRACE_3
2018-11-30 09:51:29 -Generating unique operation named: listUsingGET_4
2018-11-30 09:51:29 -Generating unique operation named: editUsingGET_4
2018-11-30 09:51:29 -Generating unique operation named: listUsingGET_5
2018-11-30 09:51:29 -Generating unique operation named: updateUsingPOST_4
2018-11-30 09:51:29 -Generating unique operation named: addUsingGET_4
2018-11-30 09:51:29 -Generating unique operation named: editUsingGET_5
2018-11-30 09:51:29 -Generating unique operation named: infoUsingGET_1
2018-11-30 09:51:29 -Generating unique operation named: infoUsingHEAD_1
2018-11-30 09:51:29 -Generating unique operation named: infoUsingPOST_1
2018-11-30 09:51:29 -Generating unique operation named: infoUsingPUT_1
2018-11-30 09:51:29 -Generating unique operation named: infoUsingPATCH_1
2018-11-30 09:51:29 -Generating unique operation named: infoUsingDELETE_1
2018-11-30 09:51:29 -Generating unique operation named: infoUsingOPTIONS_1
2018-11-30 09:51:29 -Generating unique operation named: infoUsingTRACE_1
2018-11-30 09:51:29 -Generating unique operation named: listUsingGET_6
2018-11-30 09:51:29 -Generating unique operation named: removeUsingPOST_8
2018-11-30 09:51:29 -Generating unique operation named: removeUsingPOST_9
2018-11-30 09:51:29 -Generating unique operation named: saveUsingPOST_4
2018-11-30 09:51:29 -Generating unique operation named: updateUsingPOST_5
2018-11-30 09:51:29 -Generating unique operation named: listUsingGET_7
2018-11-30 09:51:29 -Generating unique operation named: removeUsingPOST_10
2018-11-30 09:51:29 -Generating unique operation named: welcomeUsingGET_1
2018-11-30 09:51:29 -Generating unique operation named: addUsingGET_5
2018-11-30 09:51:29 -Generating unique operation named: editUsingGET_6
2018-11-30 09:51:29 -Generating unique operation named: listUsingGET_8
2018-11-30 09:51:29 -Generating unique operation named: removeUsingPOST_11
2018-11-30 09:51:29 -Generating unique operation named: saveUsingPOST_5
2018-11-30 09:51:29 -Generating unique operation named: treeUsingGET_1
2018-11-30 09:51:29 -Generating unique operation named: treeUsingGET_2
2018-11-30 09:51:29 -Generating unique operation named: updateUsingPOST_6
2018-11-30 09:51:29 -Generating unique operation named: batchRemoveUsingPOST_1
2018-11-30 09:51:29 -Generating unique operation named: editUsingGET_7
2018-11-30 09:51:29 -Generating unique operation named: listUsingGET_9
2018-11-30 09:51:29 -Generating unique operation named: addUsingGET_6
2018-11-30 09:51:29 -Generating unique operation named: editUsingGET_8
2018-11-30 09:51:29 -Generating unique operation named: listUsingGET_10
2018-11-30 09:51:29 -Generating unique operation named: removeUsingPOST_12
2018-11-30 09:51:29 -Generating unique operation named: removeUsingPOST_13
2018-11-30 09:51:29 -Generating unique operation named: saveUsingPOST_6
2018-11-30 09:51:29 -Generating unique operation named: updateUsingGET_4
2018-11-30 09:51:29 -Generating unique operation named: updateUsingHEAD_4
2018-11-30 09:51:29 -Generating unique operation named: updateUsingPOST_7
2018-11-30 09:51:29 -Generating unique operation named: updateUsingPUT_4
2018-11-30 09:51:29 -Generating unique operation named: updateUsingPATCH_4
2018-11-30 09:51:29 -Generating unique operation named: updateUsingDELETE_4
2018-11-30 09:51:29 -Generating unique operation named: updateUsingOPTIONS_4
2018-11-30 09:51:29 -Generating unique operation named: updateUsingTRACE_4
2018-11-30 09:51:29 -Generating unique operation named: addUsingGET_7
2018-11-30 09:51:29 -Generating unique operation named: batchRemoveUsingPOST_2
2018-11-30 09:51:29 -Generating unique operation named: deployUsingPOST_1
2018-11-30 09:51:29 -Generating unique operation named: listUsingGET_11
2018-11-30 09:51:29 -Generating unique operation named: removeUsingPOST_14
2018-11-30 09:51:29 -Generating unique operation named: addUsingGET_8
2018-11-30 09:51:29 -Generating unique operation named: batchRemoveUsingPOST_3
2018-11-30 09:51:29 -Generating unique operation named: editUsingGET_9
2018-11-30 09:51:29 -Generating unique operation named: listUsingGET_12
2018-11-30 09:51:29 -Generating unique operation named: saveUsingPOST_7
2018-11-30 09:51:29 -Generating unique operation named: saveUsingPOST_8
2018-11-30 09:51:29 -Generating unique operation named: updateUsingPOST_8
2018-11-30 09:51:29 -Generating unique operation named: addUsingGET_9
2018-11-30 09:51:29 -Generating unique operation named: editUsingGET_10
2018-11-30 09:51:29 -Generating unique operation named: listUsingGET_13
2018-11-30 09:51:29 -Generating unique operation named: removeUsingPOST_15
2018-11-30 09:51:29 -Generating unique operation named: removeUsingPOST_16
2018-11-30 09:51:29 -Generating unique operation named: updateUsingGET_5
2018-11-30 09:51:29 -Generating unique operation named: updateUsingHEAD_5
2018-11-30 09:51:29 -Generating unique operation named: updateUsingPOST_9
2018-11-30 09:51:29 -Generating unique operation named: updateUsingPUT_5
2018-11-30 09:51:29 -Generating unique operation named: updateUsingPATCH_5
2018-11-30 09:51:29 -Generating unique operation named: updateUsingDELETE_5
2018-11-30 09:51:29 -Generating unique operation named: updateUsingOPTIONS_5
2018-11-30 09:51:29 -Generating unique operation named: updateUsingTRACE_5
2018-11-30 09:51:29 -Generating unique operation named: listUsingGET_14
2018-11-30 09:51:29 -Generating unique operation named: listUsingHEAD_1
2018-11-30 09:51:29 -Generating unique operation named: listUsingPOST_1
2018-11-30 09:51:29 -Generating unique operation named: listUsingPUT_1
2018-11-30 09:51:29 -Generating unique operation named: listUsingPATCH_1
2018-11-30 09:51:29 -Generating unique operation named: listUsingDELETE_1
2018-11-30 09:51:29 -Generating unique operation named: listUsingOPTIONS_1
2018-11-30 09:51:29 -Generating unique operation named: listUsingTRACE_1
2018-11-30 09:51:29 -Generating unique operation named: listUsingGET_15
2018-11-30 09:51:29 -Generating unique operation named: addUsingGET_10
2018-11-30 09:51:29 -Generating unique operation named: batchRemoveUsingPOST_4
2018-11-30 09:51:29 -Generating unique operation named: editUsingGET_11
2018-11-30 09:51:29 -Generating unique operation named: listUsingGET_16
2018-11-30 09:51:29 -Generating unique operation named: removeUsingPOST_17
2018-11-30 09:51:29 -Generating unique operation named: saveUsingPOST_9
2018-11-30 09:51:29 -Generating unique operation named: treeUsingGET_3
2018-11-30 09:51:29 -Generating unique operation named: treeViewUsingGET_1
2018-11-30 09:51:29 -Generating unique operation named: updateUsingPOST_10
2018-11-30 09:51:29 -Starting Quartz Scheduler now
2018-11-30 09:51:29 -Scheduler schedulerFactoryBean_$_NON_CLUSTERED started.
2018-11-30 09:51:29 -Starting...
2018-11-30 09:51:29 -BrokerAvailabilityEvent[available=true, SimpleBrokerMessageHandler [DefaultSubscriptionRegistry[cache[0 destination(s)], registry[0 sessions]]]]
2018-11-30 09:51:29 -Started.
2018-11-30 09:51:29 -Starting ProtocolHandler ["http-nio-8099"]
2018-11-30 09:51:29 -Using a shared selector for servlet write/read
2018-11-30 09:51:29 -Tomcat started on port(s): 8099 (http) with context path ''
2018-11-30 09:51:29 -Started BootdoApplication in 10.221 seconds (JVM running for 11.96)
2018-11-30 09:51:29 -==>  Preparing: select `id`,`cron_expression`,`method_name`,`is_concurrent`,`description`,`update_by`,`bean_class`,`create_date`,`job_status`,`job_group`,`update_date`,`create_by`,`spring_bean`,`job_name` from sys_task order by id desc 
2018-11-30 09:51:29 -==> Parameters: 
2018-11-30 09:51:29 -<==      Total: 2
2018-11-30 09:52:12 -Initializing Spring FrameworkServlet 'dispatcherServlet'
2018-11-30 09:52:12 -FrameworkServlet 'dispatcherServlet': initialization started
2018-11-30 09:52:12 -FrameworkServlet 'dispatcherServlet': initialization completed in 25 ms
2018-11-30 09:52:12 -Enabling session validation scheduler...
2018-11-30 09:52:12 -请求地址 : http://localhost:8099/login;JSESSIONID=a0b77f3f-a0b4-466b-9394-0737ff39a263
2018-11-30 09:52:12 -HTTP METHOD : GET
2018-11-30 09:52:12 -CLASS_METHOD : com.bootdo.system.controller.LoginController.login
2018-11-30 09:52:12 -参数 : []
2018-11-30 09:52:12 -耗时 : 2
2018-11-30 09:52:12 -返回值 : login
2018-11-30 09:52:13 -请求地址 : http://localhost:8099/login
2018-11-30 09:52:13 -HTTP METHOD : GET
2018-11-30 09:52:13 -CLASS_METHOD : com.bootdo.system.controller.LoginController.login
2018-11-30 09:52:13 -参数 : []
2018-11-30 09:52:13 -耗时 : 0
2018-11-30 09:52:13 -返回值 : login
2018-11-30 09:52:20 -请求地址 : http://localhost:8099/login
2018-11-30 09:52:20 -HTTP METHOD : POST
2018-11-30 09:52:20 -CLASS_METHOD : com.bootdo.system.controller.LoginController.ajaxLogin
2018-11-30 09:52:20 -参数 : [admin, 111111]
2018-11-30 09:52:24 -==>  Preparing: select `user_id`,`username`,`name`,`password`,`dept_id`,`email`,`mobile`,`status`,`user_id_create`,`gmt_create`,`gmt_modified`,`sex`,`birth`,`pic_id`,`live_address`,`hobby`,`province`,`city`,`district` from sys_user WHERE username = ? order by user_id desc 
2018-11-30 09:52:24 -==> Parameters: admin(String)
2018-11-30 09:52:24 -<==      Total: 1
2018-11-30 09:52:28 -耗时 : 7426
2018-11-30 09:52:28 -返回值 : {msg=操作成功, code=0}
2018-11-30 09:52:28 -WebSocketSession[0 current WS(0)-HttpStream(0)-HttpPoll(0), 0 total, 0 closed abnormally (0 connect failure, 0 send limit, 0 transport error)], stompSubProtocol[processed CONNECT(0)-CONNECTED(0)-DISCONNECT(0)], stompBrokerRelay[null], inboundChannel[pool size = 0, active threads = 0, queued tasks = 0, completed tasks = 0], outboundChannelpool size = 0, active threads = 0, queued tasks = 0, completed tasks = 0], sockJsScheduler[pool size = 1, active threads = 1, queued tasks = 0, completed tasks = 0]
2018-11-30 09:52:30 -More than one TaskExecutor bean found within the context, and none is named 'taskExecutor'. Mark one of them as primary or name it 'taskExecutor' (possibly as an alias) in order to use it for async processing: [clientInboundChannelExecutor, clientOutboundChannelExecutor, brokerChannelExecutor, messageBrokerTaskScheduler]
2018-11-30 09:52:30 -==>  Preparing: insert into sys_log ( `user_id`, `username`, `operation`, `time`, `method`, `params`, `ip`, `gmt_create` ) values ( ?, ?, ?, ?, ?, ?, ?, ? ) 
2018-11-30 09:52:30 -==> Parameters: 1(Long), admin(String), 登录(String), 8895(Integer), com.bootdo.system.controller.LoginController.ajaxLogin()(String), null, 127.0.0.1(String), 2018-11-30 09:52:30.785(Timestamp)
2018-11-30 09:52:30 -<==    Updates: 1
2018-11-30 09:52:30 -请求地址 : http://localhost:8099/index
2018-11-30 09:52:30 -HTTP METHOD : GET
2018-11-30 09:52:30 -CLASS_METHOD : com.bootdo.system.controller.LoginController.index
2018-11-30 09:52:30 -参数 : [{}]
2018-11-30 09:52:30 -==>  Preparing: select distinct m.menu_id , parent_id, name, url, perms,`type`,icon,order_num,gmt_create, gmt_modified from sys_menu m left join sys_role_menu rm on m.menu_id = rm.menu_id left join sys_user_role ur on rm.role_id =ur.role_id where ur.user_id = ? and m.type in(0,1) order by m.order_num 
2018-11-30 09:52:30 -==> Parameters: 1(Long)
2018-11-30 09:52:30 -<==      Total: 28
2018-11-30 09:52:30 -==>  Preparing: select `id`,`type`,`url`,`create_date` from sys_file where id = ? 
2018-11-30 09:52:30 -==> Parameters: 144(Long)
2018-11-30 09:52:30 -<==      Total: 1
2018-11-30 09:52:30 -耗时 : 37
2018-11-30 09:52:30 -返回值 : index_v1
2018-11-30 09:52:30 -==>  Preparing: insert into sys_log ( `user_id`, `username`, `operation`, `time`, `method`, `params`, `ip`, `gmt_create` ) values ( ?, ?, ?, ?, ?, ?, ?, ? ) 
2018-11-30 09:52:30 -==> Parameters: 1(Long), admin(String), 请求访问主页(String), 38(Integer), com.bootdo.system.controller.LoginController.index()(String), null, 127.0.0.1(String), 2018-11-30 09:52:30.902(Timestamp)
2018-11-30 09:52:30 -<==    Updates: 1
2018-11-30 09:52:31 -请求地址 : http://localhost:8099/main
2018-11-30 09:52:31 -HTTP METHOD : GET
2018-11-30 09:52:31 -CLASS_METHOD : com.bootdo.system.controller.LoginController.main
2018-11-30 09:52:31 -参数 : []
2018-11-30 09:52:31 -耗时 : 0
2018-11-30 09:52:31 -返回值 : main
2018-11-30 09:52:31 -请求地址 : http://localhost:8099/oa/notify/message
2018-11-30 09:52:31 -HTTP METHOD : GET
2018-11-30 09:52:31 -CLASS_METHOD : com.bootdo.oa.controller.NotifyController.message
2018-11-30 09:52:31 -参数 : []
2018-11-30 09:52:31 -==>  Preparing: select DISTINCT n.id ,`type`,`title`,`content`,`files`,r.is_read,`status`,`create_by`,`create_date`,`update_by`,`update_date`,`remarks`,`del_flag` from oa_notify_record r right JOIN oa_notify n on r.notify_id = n.id WHERE r.is_read = ? and r.user_id = ? order by is_read ASC, update_date DESC limit ?, ? 
2018-11-30 09:52:31 -==> Parameters: 0(String), 1(Long), 0(Integer), 3(Integer)
2018-11-30 09:52:31 -<==      Total: 0
2018-11-30 09:52:31 -==>  Preparing: select count(*) from oa_notify_record r right JOIN oa_notify n on r.notify_id = n.id where r.user_id =? and r.is_read = ? 
2018-11-30 09:52:31 -==> Parameters: 1(Long), 0(String)
2018-11-30 09:52:31 -<==      Total: 1
2018-11-30 09:52:31 -耗时 : 20
2018-11-30 09:52:31 -返回值 : com.bootdo.common.utils.PageUtils@c2c8cb4
2018-11-30 09:52:31 -请求地址 : http://localhost:8099/main
2018-11-30 09:52:31 -HTTP METHOD : GET
2018-11-30 09:52:31 -CLASS_METHOD : com.bootdo.system.controller.LoginController.main
2018-11-30 09:52:31 -参数 : []
2018-11-30 09:52:31 -耗时 : 0
2018-11-30 09:52:31 -返回值 : main
2018-11-30 09:52:41 -请求地址 : http://localhost:8099/sys/user/personal
2018-11-30 09:52:41 -HTTP METHOD : GET
2018-11-30 09:52:41 -CLASS_METHOD : com.bootdo.system.controller.UserController.personal
2018-11-30 09:52:41 -参数 : [{}]
2018-11-30 09:52:41 -==>  Preparing: select role_id from sys_user_role where user_id=? 
2018-11-30 09:52:41 -==> Parameters: 1(Long)
2018-11-30 09:52:41 -<==      Total: 1
2018-11-30 09:52:41 -==>  Preparing: select `user_id`,`username`,`name`,`password`,`dept_id`,`email`,`mobile`,`status`,`user_id_create`,`gmt_create`,`gmt_modified`,`sex`,`birth`,`pic_id`,`live_address`,`hobby`,`province`,`city`,`district` from sys_user where user_id = ? 
2018-11-30 09:52:41 -==> Parameters: 1(Long)
2018-11-30 09:52:41 -<==      Total: 1
2018-11-30 09:52:41 -==>  Preparing: select `dept_id`,`parent_id`,`name`,`order_num`,`del_flag` from sys_dept where dept_id = ? 
2018-11-30 09:52:41 -==> Parameters: 6(Long)
2018-11-30 09:52:41 -<==      Total: 1
2018-11-30 09:52:41 -==>  Preparing: select `id`,`name`,`value`,`type`,`description`,`sort`,`parent_id`,`create_by`,`create_date`,`update_by`,`update_date`,`remarks`,`del_flag` from sys_dict WHERE type = ? order by id desc 
2018-11-30 09:52:41 -==> Parameters: hobby(String)
2018-11-30 09:52:41 -<==      Total: 2
2018-11-30 09:52:41 -==>  Preparing: select `id`,`name`,`value`,`type`,`description`,`sort`,`parent_id`,`create_by`,`create_date`,`update_by`,`update_date`,`remarks`,`del_flag` from sys_dict WHERE type = ? order by id desc 
2018-11-30 09:52:41 -==> Parameters: sex(String)
2018-11-30 09:52:41 -<==      Total: 2
2018-11-30 09:52:41 -耗时 : 36
2018-11-30 09:52:41 -返回值 : system/user/personal
2018-11-30 09:53:07 -请求地址 : http://localhost:8099/sys/user/personal
2018-11-30 09:53:07 -HTTP METHOD : GET
2018-11-30 09:53:07 -CLASS_METHOD : com.bootdo.system.controller.UserController.personal
2018-11-30 09:53:07 -参数 : [{}]
2018-11-30 09:53:07 -==>  Preparing: select role_id from sys_user_role where user_id=? 
2018-11-30 09:53:07 -==> Parameters: 1(Long)
2018-11-30 09:53:07 -<==      Total: 1
2018-11-30 09:53:07 -==>  Preparing: select `user_id`,`username`,`name`,`password`,`dept_id`,`email`,`mobile`,`status`,`user_id_create`,`gmt_create`,`gmt_modified`,`sex`,`birth`,`pic_id`,`live_address`,`hobby`,`province`,`city`,`district` from sys_user where user_id = ? 
2018-11-30 09:53:07 -==> Parameters: 1(Long)
2018-11-30 09:53:07 -<==      Total: 1
2018-11-30 09:53:07 -==>  Preparing: select `dept_id`,`parent_id`,`name`,`order_num`,`del_flag` from sys_dept where dept_id = ? 
2018-11-30 09:53:07 -==> Parameters: 6(Long)
2018-11-30 09:53:07 -<==      Total: 1
2018-11-30 09:53:07 -==>  Preparing: select `id`,`name`,`value`,`type`,`description`,`sort`,`parent_id`,`create_by`,`create_date`,`update_by`,`update_date`,`remarks`,`del_flag` from sys_dict WHERE type = ? order by id desc 
2018-11-30 09:53:07 -==> Parameters: hobby(String)
2018-11-30 09:53:07 -<==      Total: 2
2018-11-30 09:53:07 -==>  Preparing: select `id`,`name`,`value`,`type`,`description`,`sort`,`parent_id`,`create_by`,`create_date`,`update_by`,`update_date`,`remarks`,`del_flag` from sys_dict WHERE type = ? order by id desc 
2018-11-30 09:53:07 -==> Parameters: sex(String)
2018-11-30 09:53:07 -<==      Total: 2
2018-11-30 09:53:07 -耗时 : 39
2018-11-30 09:53:07 -返回值 : system/user/personal
2018-11-30 09:54:13 -请求地址 : http://localhost:8099/sys/user/uploadImg
2018-11-30 09:54:13 -HTTP METHOD : POST
2018-11-30 09:54:13 -CLASS_METHOD : com.bootdo.system.controller.UserController.uploadImg
2018-11-30 09:54:13 -参数 : [org.springframework.web.multipart.support.StandardMultipartHttpServletRequest$StandardMultipartFile@25120fc7, {"x":123.96744126255655,"y":382.21393151299617,"height":3002.3313221098592,"width":3002.3313221098592,"rotate":0}, org.springframework.web.multipart.support.StandardMultipartHttpServletRequest@9331b54]
2018-11-30 09:54:14 -==>  Preparing: insert into sys_file ( `type`, `url`, `create_date` ) values ( ?, ?, ? ) 
2018-11-30 09:54:14 -==> Parameters: 0(Integer), /files/2fe4f914-da78-4e13-861f-cef56eb1dbce.jpg(String), 2018-11-30 09:54:13.104(Timestamp)
2018-11-30 09:54:14 -<==    Updates: 1
2018-11-30 09:54:14 -==>  Preparing: update sys_user SET `pic_id` = ? where user_id = ? 
2018-11-30 09:54:14 -==> Parameters: 145(Long), 1(Long)
2018-11-30 09:54:14 -<==    Updates: 1
2018-11-30 09:54:14 -耗时 : 976
2018-11-30 09:54:14 -返回值 : {msg=操作成功, code=0, url=/files/2fe4f914-da78-4e13-861f-cef56eb1dbce.jpg}
2018-11-30 09:54:21 -请求地址 : http://localhost:8099/index
2018-11-30 09:54:21 -HTTP METHOD : GET
2018-11-30 09:54:21 -CLASS_METHOD : com.bootdo.system.controller.LoginController.index
2018-11-30 09:54:21 -参数 : [{}]
2018-11-30 09:54:21 -==>  Preparing: select distinct m.menu_id , parent_id, name, url, perms,`type`,icon,order_num,gmt_create, gmt_modified from sys_menu m left join sys_role_menu rm on m.menu_id = rm.menu_id left join sys_user_role ur on rm.role_id =ur.role_id where ur.user_id = ? and m.type in(0,1) order by m.order_num 
2018-11-30 09:54:21 -==> Parameters: 1(Long)
2018-11-30 09:54:21 -<==      Total: 28
2018-11-30 09:54:21 -==>  Preparing: select `id`,`type`,`url`,`create_date` from sys_file where id = ? 
2018-11-30 09:54:21 -==> Parameters: 144(Long)
2018-11-30 09:54:21 -<==      Total: 1
2018-11-30 09:54:21 -耗时 : 11
2018-11-30 09:54:21 -返回值 : index_v1
2018-11-30 09:54:22 -==>  Preparing: insert into sys_log ( `user_id`, `username`, `operation`, `time`, `method`, `params`, `ip`, `gmt_create` ) values ( ?, ?, ?, ?, ?, ?, ?, ? ) 
2018-11-30 09:54:22 -==> Parameters: 1(Long), admin(String), 请求访问主页(String), 11(Integer), com.bootdo.system.controller.LoginController.index()(String), null, 127.0.0.1(String), 2018-11-30 09:54:22.0(Timestamp)
2018-11-30 09:54:22 -<==    Updates: 1
2018-11-30 09:54:22 -请求地址 : http://localhost:8099/main
2018-11-30 09:54:22 -HTTP METHOD : GET
2018-11-30 09:54:22 -CLASS_METHOD : com.bootdo.system.controller.LoginController.main
2018-11-30 09:54:22 -参数 : []
2018-11-30 09:54:22 -耗时 : 0
2018-11-30 09:54:22 -返回值 : main
2018-11-30 09:54:22 -请求地址 : http://localhost:8099/oa/notify/message
2018-11-30 09:54:22 -HTTP METHOD : GET
2018-11-30 09:54:22 -CLASS_METHOD : com.bootdo.oa.controller.NotifyController.message
2018-11-30 09:54:22 -参数 : []
2018-11-30 09:54:22 -==>  Preparing: select DISTINCT n.id ,`type`,`title`,`content`,`files`,r.is_read,`status`,`create_by`,`create_date`,`update_by`,`update_date`,`remarks`,`del_flag` from oa_notify_record r right JOIN oa_notify n on r.notify_id = n.id WHERE r.is_read = ? and r.user_id = ? order by is_read ASC, update_date DESC limit ?, ? 
2018-11-30 09:54:22 -==> Parameters: 0(String), 1(Long), 0(Integer), 3(Integer)
2018-11-30 09:54:22 -<==      Total: 0
2018-11-30 09:54:22 -==>  Preparing: select count(*) from oa_notify_record r right JOIN oa_notify n on r.notify_id = n.id where r.user_id =? and r.is_read = ? 
2018-11-30 09:54:22 -==> Parameters: 1(Long), 0(String)
2018-11-30 09:54:22 -<==      Total: 1
2018-11-30 09:54:22 -耗时 : 4
2018-11-30 09:54:22 -返回值 : com.bootdo.common.utils.PageUtils@5580fc25
2018-11-30 09:54:22 -请求地址 : http://localhost:8099/main
2018-11-30 09:54:22 -HTTP METHOD : GET
2018-11-30 09:54:22 -CLASS_METHOD : com.bootdo.system.controller.LoginController.main
2018-11-30 09:54:22 -参数 : []
2018-11-30 09:54:22 -耗时 : 0
2018-11-30 09:54:22 -返回值 : main
2018-11-30 09:54:26 -请求地址 : http://localhost:8099/sys/user/personal
2018-11-30 09:54:26 -HTTP METHOD : GET
2018-11-30 09:54:26 -CLASS_METHOD : com.bootdo.system.controller.UserController.personal
2018-11-30 09:54:26 -参数 : [{}]
2018-11-30 09:54:26 -==>  Preparing: select role_id from sys_user_role where user_id=? 
2018-11-30 09:54:26 -==> Parameters: 1(Long)
2018-11-30 09:54:26 -<==      Total: 1
2018-11-30 09:54:26 -==>  Preparing: select `user_id`,`username`,`name`,`password`,`dept_id`,`email`,`mobile`,`status`,`user_id_create`,`gmt_create`,`gmt_modified`,`sex`,`birth`,`pic_id`,`live_address`,`hobby`,`province`,`city`,`district` from sys_user where user_id = ? 
2018-11-30 09:54:26 -==> Parameters: 1(Long)
2018-11-30 09:54:26 -<==      Total: 1
2018-11-30 09:54:26 -==>  Preparing: select `dept_id`,`parent_id`,`name`,`order_num`,`del_flag` from sys_dept where dept_id = ? 
2018-11-30 09:54:26 -==> Parameters: 6(Long)
2018-11-30 09:54:26 -<==      Total: 1
2018-11-30 09:54:26 -==>  Preparing: select `id`,`name`,`value`,`type`,`description`,`sort`,`parent_id`,`create_by`,`create_date`,`update_by`,`update_date`,`remarks`,`del_flag` from sys_dict WHERE type = ? order by id desc 
2018-11-30 09:54:26 -==> Parameters: hobby(String)
2018-11-30 09:54:26 -<==      Total: 2
2018-11-30 09:54:26 -==>  Preparing: select `id`,`name`,`value`,`type`,`description`,`sort`,`parent_id`,`create_by`,`create_date`,`update_by`,`update_date`,`remarks`,`del_flag` from sys_dict WHERE type = ? order by id desc 
2018-11-30 09:54:26 -==> Parameters: sex(String)
2018-11-30 09:54:26 -<==      Total: 2
2018-11-30 09:54:26 -耗时 : 22
2018-11-30 09:54:26 -返回值 : system/user/personal
2018-11-30 09:54:30 -请求地址 : http://localhost:8099/
2018-11-30 09:54:30 -HTTP METHOD : GET
2018-11-30 09:54:30 -CLASS_METHOD : com.bootdo.system.controller.LoginController.welcome
2018-11-30 09:54:30 -参数 : [{}]
2018-11-30 09:54:30 -耗时 : 1
2018-11-30 09:54:30 -返回值 : redirect:/blog
2018-11-30 09:54:30 -请求地址 : http://localhost:8099/blog
2018-11-30 09:54:30 -HTTP METHOD : GET
2018-11-30 09:54:30 -CLASS_METHOD : com.bootdo.blog.controller.BlogController.blog
2018-11-30 09:54:30 -参数 : []
2018-11-30 09:54:30 -耗时 : 1
2018-11-30 09:54:30 -返回值 : blog/index/main
2018-11-30 09:54:30 -请求地址 : http://localhost:8099/blog/open/list
2018-11-30 09:54:30 -HTTP METHOD : GET
2018-11-30 09:54:30 -CLASS_METHOD : com.bootdo.blog.controller.BlogController.opentList
2018-11-30 09:54:30 -参数 : [{type=article, limit=10, offset=0}]
2018-11-30 09:54:30 -==>  Preparing: select `cid`,`title`,`slug`,`created`,`modified`,`content`,`type`,`tags`,`categories`,`hits`,`comments_num`,`allow_comment`,`allow_ping`,`allow_feed`,`status`,`author`,`gtm_create`,`gtm_modified` from blog_content WHERE type = ? order by cid desc limit 0, 10 
2018-11-30 09:54:30 -==> Parameters: article(String)
2018-11-30 09:54:30 -<==      Total: 10
2018-11-30 09:54:30 -==>  Preparing: select count(*) from blog_content WHERE type = ? 
2018-11-30 09:54:30 -==> Parameters: article(String)
2018-11-30 09:54:30 -<==      Total: 1
2018-11-30 09:54:30 -耗时 : 59
2018-11-30 09:54:30 -返回值 : com.bootdo.common.utils.PageUtils@5189412e
2018-11-30 09:54:32 -请求地址 : http://localhost:8099/login
2018-11-30 09:54:32 -HTTP METHOD : GET
2018-11-30 09:54:32 -CLASS_METHOD : com.bootdo.system.controller.LoginController.login
2018-11-30 09:54:32 -参数 : []
2018-11-30 09:54:32 -耗时 : 1
2018-11-30 09:54:32 -返回值 : login
2018-11-30 09:54:33 -请求地址 : http://localhost:8099/login
2018-11-30 09:54:33 -HTTP METHOD : POST
2018-11-30 09:54:33 -CLASS_METHOD : com.bootdo.system.controller.LoginController.ajaxLogin
2018-11-30 09:54:33 -参数 : [admin, 111111]
2018-11-30 09:54:33 -==>  Preparing: select `user_id`,`username`,`name`,`password`,`dept_id`,`email`,`mobile`,`status`,`user_id_create`,`gmt_create`,`gmt_modified`,`sex`,`birth`,`pic_id`,`live_address`,`hobby`,`province`,`city`,`district` from sys_user WHERE username = ? order by user_id desc 
2018-11-30 09:54:33 -==> Parameters: admin(String)
2018-11-30 09:54:33 -<==      Total: 1
2018-11-30 09:54:33 -耗时 : 4
2018-11-30 09:54:33 -返回值 : {msg=操作成功, code=0}
2018-11-30 09:54:33 -==>  Preparing: insert into sys_log ( `user_id`, `username`, `operation`, `time`, `method`, `params`, `ip`, `gmt_create` ) values ( ?, ?, ?, ?, ?, ?, ?, ? ) 
2018-11-30 09:54:33 -==> Parameters: 1(Long), admin(String), 登录(String), 4(Integer), com.bootdo.system.controller.LoginController.ajaxLogin()(String), null, 127.0.0.1(String), 2018-11-30 09:54:33.1(Timestamp)
2018-11-30 09:54:33 -<==    Updates: 1
2018-11-30 09:54:33 -请求地址 : http://localhost:8099/index
2018-11-30 09:54:33 -HTTP METHOD : GET
2018-11-30 09:54:33 -CLASS_METHOD : com.bootdo.system.controller.LoginController.index
2018-11-30 09:54:33 -参数 : [{}]
2018-11-30 09:54:33 -==>  Preparing: select distinct m.menu_id , parent_id, name, url, perms,`type`,icon,order_num,gmt_create, gmt_modified from sys_menu m left join sys_role_menu rm on m.menu_id = rm.menu_id left join sys_user_role ur on rm.role_id =ur.role_id where ur.user_id = ? and m.type in(0,1) order by m.order_num 
2018-11-30 09:54:33 -==> Parameters: 1(Long)
2018-11-30 09:54:33 -<==      Total: 28
2018-11-30 09:54:33 -==>  Preparing: select `id`,`type`,`url`,`create_date` from sys_file where id = ? 
2018-11-30 09:54:33 -==> Parameters: 145(Long)
2018-11-30 09:54:33 -<==      Total: 1
2018-11-30 09:54:33 -耗时 : 9
2018-11-30 09:54:33 -返回值 : index_v1
2018-11-30 09:54:33 -==>  Preparing: insert into sys_log ( `user_id`, `username`, `operation`, `time`, `method`, `params`, `ip`, `gmt_create` ) values ( ?, ?, ?, ?, ?, ?, ?, ? ) 
2018-11-30 09:54:33 -==> Parameters: 1(Long), admin(String), 请求访问主页(String), 9(Integer), com.bootdo.system.controller.LoginController.index()(String), null, 127.0.0.1(String), 2018-11-30 09:54:33.142(Timestamp)
2018-11-30 09:54:33 -<==    Updates: 1
2018-11-30 09:54:33 -请求地址 : http://localhost:8099/main
2018-11-30 09:54:33 -HTTP METHOD : GET
2018-11-30 09:54:33 -CLASS_METHOD : com.bootdo.system.controller.LoginController.main
2018-11-30 09:54:33 -参数 : []
2018-11-30 09:54:33 -耗时 : 0
2018-11-30 09:54:33 -返回值 : main
2018-11-30 09:54:33 -请求地址 : http://localhost:8099/oa/notify/message
2018-11-30 09:54:33 -HTTP METHOD : GET
2018-11-30 09:54:33 -CLASS_METHOD : com.bootdo.oa.controller.NotifyController.message
2018-11-30 09:54:33 -参数 : []
2018-11-30 09:54:33 -==>  Preparing: select DISTINCT n.id ,`type`,`title`,`content`,`files`,r.is_read,`status`,`create_by`,`create_date`,`update_by`,`update_date`,`remarks`,`del_flag` from oa_notify_record r right JOIN oa_notify n on r.notify_id = n.id WHERE r.is_read = ? and r.user_id = ? order by is_read ASC, update_date DESC limit ?, ? 
2018-11-30 09:54:33 -==> Parameters: 0(String), 1(Long), 0(Integer), 3(Integer)
2018-11-30 09:54:33 -<==      Total: 0
2018-11-30 09:54:33 -==>  Preparing: select count(*) from oa_notify_record r right JOIN oa_notify n on r.notify_id = n.id where r.user_id =? and r.is_read = ? 
2018-11-30 09:54:33 -==> Parameters: 1(Long), 0(String)
2018-11-30 09:54:33 -<==      Total: 1
2018-11-30 09:54:33 -耗时 : 4
2018-11-30 09:54:33 -返回值 : com.bootdo.common.utils.PageUtils@69884fbb
2018-11-30 09:54:33 -请求地址 : http://localhost:8099/main
2018-11-30 09:54:33 -HTTP METHOD : GET
2018-11-30 09:54:33 -CLASS_METHOD : com.bootdo.system.controller.LoginController.main
2018-11-30 09:54:33 -参数 : []
2018-11-30 09:54:33 -耗时 : 0
2018-11-30 09:54:33 -返回值 : main
2018-11-30 09:54:37 -==>  Preparing: select distinct m.perms from sys_menu m left join sys_role_menu rm on m.menu_id = rm.menu_id left join sys_user_role ur on rm.role_id = ur.role_id where ur.user_id = ? 
2018-11-30 09:54:37 -==> Parameters: 1(Long)
2018-11-30 09:54:37 -<==      Total: 47
2018-11-30 09:54:37 -请求地址 : http://localhost:8099/common/dict
2018-11-30 09:54:37 -HTTP METHOD : GET
2018-11-30 09:54:37 -CLASS_METHOD : com.bootdo.common.controller.DictController.dict
2018-11-30 09:54:37 -参数 : []
2018-11-30 09:54:37 -耗时 : 0
2018-11-30 09:54:37 -返回值 : common/dict/dict
2018-11-30 09:54:38 -请求地址 : http://localhost:8099/common/dict/type
2018-11-30 09:54:38 -HTTP METHOD : GET
2018-11-30 09:54:38 -CLASS_METHOD : com.bootdo.common.controller.DictController.listType
2018-11-30 09:54:38 -参数 : []
2018-11-30 09:54:38 -==>  Preparing: select distinct `type` , description from sys_dict 
2018-11-30 09:54:38 -==> Parameters: 
2018-11-30 09:54:38 -<==      Total: 31
2018-11-30 09:54:38 -耗时 : 6
2018-11-30 09:54:38 -返回值 : [DictDO{id=null, name='null', value='null', type='del_flag', description='删除标记', sort=null, parentId=null, createBy=null, createDate=null, updateBy=null, updateDate=null, remarks='null', delFlag='null'}, DictDO{id=null, name='null', value='null', type='show_hide', description='显示/隐藏', sort=null, parentId=null, createBy=null, createDate=null, updateBy=null, updateDate=null, remarks='null', delFlag='null'}, DictDO{id=null, name='null', value='null', type='yes_no', description='是/否', sort=null, parentId=null, createBy=null, createDate=null, updateBy=null, updateDate=null, remarks='null', delFlag='null'}, DictDO{id=null, name='null', value='null', type='color', description='颜色值', sort=null, parentId=null, createBy=null, createDate=null, updateBy=null, updateDate=null, remarks='null', delFlag='null'}, DictDO{id=null, name='null', value='null', type='theme', description='主题方案', sort=null, parentId=null, createBy=null, createDate=null, updateBy=null, updateDate=null, remarks='null', delFlag='null'}, DictDO{id=null, name='null', value='null', type='sys_area_type', description='区域类型', sort=null, parentId=null, createBy=null, createDate=null, updateBy=null, updateDate=null, remarks='null', delFlag='null'}, DictDO{id=null, name='null', value='null', type='sys_office_type', description='机构类型', sort=null, parentId=null, createBy=null, createDate=null, updateBy=null, updateDate=null, remarks='null', delFlag='null'}, DictDO{id=null, name='null', value='null', type='sys_office_common', description='快捷通用部门', sort=null, parentId=null, createBy=null, createDate=null, updateBy=null, updateDate=null, remarks='null', delFlag='null'}, DictDO{id=null, name='null', value='null', type='sys_office_grade', description='机构等级', sort=null, parentId=null, createBy=null, createDate=null, updateBy=null, updateDate=null, remarks='null', delFlag='null'}, DictDO{id=null, name='null', value='null', type='sys_data_scope', description='数据范围', sort=null, parentId=null, createBy=null, createDate=null, updateBy=null, updateDate=null, remarks='null', delFlag='null'}, DictDO{id=null, name='null', value='null', type='sys_user_type', description='用户类型', sort=null, parentId=null, createBy=null, createDate=null, updateBy=null, updateDate=null, remarks='null', delFlag='null'}, DictDO{id=null, name='null', value='null', type='cms_theme', description='站点主题', sort=null, parentId=null, createBy=null, createDate=null, updateBy=null, updateDate=null, remarks='null', delFlag='null'}, DictDO{id=null, name='null', value='null', type='cms_module', description='栏目模型', sort=null, parentId=null, createBy=null, createDate=null, updateBy=null, updateDate=null, remarks='null', delFlag='null'}, DictDO{id=null, name='null', value='null', type='cms_show_modes', description='展现方式', sort=null, parentId=null, createBy=null, createDate=null, updateBy=null, updateDate=null, remarks='null', delFlag='null'}, DictDO{id=null, name='null', value='null', type='cms_del_flag', description='内容状态', sort=null, parentId=null, createBy=null, createDate=null, updateBy=null, updateDate=null, remarks='null', delFlag='null'}, DictDO{id=null, name='null', value='null', type='cms_posid', description='推荐位', sort=null, parentId=null, createBy=null, createDate=null, updateBy=null, updateDate=null, remarks='null', delFlag='null'}, DictDO{id=null, name='null', value='null', type='cms_guestbook', description='留言板分类', sort=null, parentId=null, createBy=null, createDate=null, updateBy=null, updateDate=null, remarks='null', delFlag='null'}, DictDO{id=null, name='null', value='null', type='oa_leave_type', description='请假类型', sort=null, parentId=null, createBy=null, createDate=null, updateBy=null, updateDate=null, remarks='null', delFlag='null'}, DictDO{id=null, name='null', value='null', type='sys_log_type', description='日志类型', sort=null, parentId=null, createBy=null, createDate=null, updateBy=null, updateDate=null, remarks='null', delFlag='null'}, DictDO{id=null, name='null', value='null', type='act_type', description='流程类型', sort=null, parentId=null, createBy=null, createDate=null, updateBy=null, updateDate=null, remarks='null', delFlag='null'}, DictDO{id=null, name='null', value='null', type='act_category', description='流程分类', sort=null, parentId=null, createBy=null, createDate=null, updateBy=null, updateDate=null, remarks='null', delFlag='null'}, DictDO{id=null, name='null', value='null', type='gen_category', description='代码生成分类', sort=null, parentId=null, createBy=null, createDate=null, updateBy=null, updateDate=null, remarks='null', delFlag='null'}, DictDO{id=null, name='null', value='null', type='gen_query_type', description='查询方式', sort=null, parentId=null, createBy=null, createDate=null, updateBy=null, updateDate=null, remarks='null', delFlag='null'}, DictDO{id=null, name='null', value='null', type='gen_show_type', description='字段生成方案', sort=null, parentId=null, createBy=null, createDate=null, updateBy=null, updateDate=null, remarks='null', delFlag='null'}, DictDO{id=null, name='null', value='null', type='gen_java_type', description='Java类型', sort=null, parentId=null, createBy=null, createDate=null, updateBy=null, updateDate=null, remarks='null', delFlag='null'}, DictDO{id=null, name='null', value='null', type='sex', description='性别', sort=null, parentId=null, createBy=null, createDate=null, updateBy=null, updateDate=null, remarks='null', delFlag='null'}, DictDO{id=null, name='null', value='null', type='oa_notify_type', description='通知通告类型', sort=null, parentId=null, createBy=null, createDate=null, updateBy=null, updateDate=null, remarks='null', delFlag='null'}, DictDO{id=null, name='null', value='null', type='oa_notify_status', description='通知通告状态', sort=null, parentId=null, createBy=null, createDate=null, updateBy=null, updateDate=null, remarks='null', delFlag='null'}, DictDO{id=null, name='null', value='null', type='oa_notify_read', description='通知通告状态', sort=null, parentId=null, createBy=null, createDate=null, updateBy=null, updateDate=null, remarks='null', delFlag='null'}, DictDO{id=null, name='null', value='null', type='blog_type', description='博客类型', sort=null, parentId=null, createBy=null, createDate=null, updateBy=null, updateDate=null, remarks='null', delFlag='null'}, DictDO{id=null, name='null', value='null', type='hobby', description='爱好', sort=null, parentId=null, createBy=null, createDate=null, updateBy=null, updateDate=null, remarks='null', delFlag='null'}]
2018-11-30 09:54:38 -请求地址 : http://localhost:8099/common/dict/list
2018-11-30 09:54:38 -HTTP METHOD : GET
2018-11-30 09:54:38 -CLASS_METHOD : com.bootdo.common.controller.DictController.list
2018-11-30 09:54:38 -参数 : [{limit=10, offset=0}]
2018-11-30 09:54:38 -==>  Preparing: select `id`,`name`,`value`,`type`,`description`,`sort`,`parent_id`,`create_by`,`create_date`,`update_by`,`update_date`,`remarks`,`del_flag` from sys_dict order by id desc limit ?, ? 
2018-11-30 09:54:38 -==> Parameters: 0(Integer), 10(Integer)
2018-11-30 09:54:38 -<==      Total: 10
2018-11-30 09:54:38 -==>  Preparing: select count(*) from sys_dict 
2018-11-30 09:54:38 -==> Parameters: 
2018-11-30 09:54:38 -<==      Total: 1
2018-11-30 09:54:38 -耗时 : 10
2018-11-30 09:54:38 -返回值 : com.bootdo.common.utils.PageUtils@60066e
2018-11-30 09:54:46 -请求地址 : http://localhost:8099/common/dict/add
2018-11-30 09:54:46 -HTTP METHOD : GET
2018-11-30 09:54:46 -CLASS_METHOD : com.bootdo.common.controller.DictController.add
2018-11-30 09:54:46 -参数 : []
2018-11-30 09:54:46 -耗时 : 0
2018-11-30 09:54:46 -返回值 : common/dict/add
2018-11-30 09:54:54 -请求地址 : http://localhost:8099/common/sysFile
2018-11-30 09:54:54 -HTTP METHOD : GET
2018-11-30 09:54:54 -CLASS_METHOD : com.bootdo.common.controller.FileController.sysFile
2018-11-30 09:54:54 -参数 : [{}]
2018-11-30 09:54:54 -耗时 : 1
2018-11-30 09:54:54 -返回值 : common/file/file
2018-11-30 09:54:54 -请求地址 : http://localhost:8099/common/sysFile/list
2018-11-30 09:54:54 -HTTP METHOD : GET
2018-11-30 09:54:54 -CLASS_METHOD : com.bootdo.common.controller.FileController.list
2018-11-30 09:54:54 -参数 : [{limit=12, offset=0, type=}]
2018-11-30 09:54:54 -==>  Preparing: select `id`,`type`,`url`,`create_date` from sys_file order by id desc limit ?, ? 
2018-11-30 09:54:54 -==> Parameters: 0(Integer), 12(Integer)
2018-11-30 09:54:54 -<==      Total: 3
2018-11-30 09:54:54 -==>  Preparing: select count(*) from sys_file 
2018-11-30 09:54:54 -==> Parameters: 
2018-11-30 09:54:54 -<==      Total: 1
2018-11-30 09:54:54 -耗时 : 7
2018-11-30 09:54:54 -返回值 : com.bootdo.common.utils.PageUtils@100d2069
2018-11-30 09:55:00 -请求地址 : http://localhost:8099/common/sysFile/list
2018-11-30 09:55:00 -HTTP METHOD : GET
2018-11-30 09:55:00 -CLASS_METHOD : com.bootdo.common.controller.FileController.list
2018-11-30 09:55:00 -参数 : [{limit=12, offset=0, type=1}]
2018-11-30 09:55:00 -==>  Preparing: select `id`,`type`,`url`,`create_date` from sys_file WHERE type = ? order by id desc limit ?, ? 
2018-11-30 09:55:00 -==> Parameters: 1(String), 0(Integer), 12(Integer)
2018-11-30 09:55:00 -<==      Total: 0
2018-11-30 09:55:00 -==>  Preparing: select count(*) from sys_file WHERE type = ? 
2018-11-30 09:55:00 -==> Parameters: 1(String)
2018-11-30 09:55:00 -<==      Total: 1
2018-11-30 09:55:00 -耗时 : 7
2018-11-30 09:55:00 -返回值 : com.bootdo.common.utils.PageUtils@e58d817
2018-11-30 09:55:01 -请求地址 : http://localhost:8099/common/sysFile/list
2018-11-30 09:55:01 -HTTP METHOD : GET
2018-11-30 09:55:01 -CLASS_METHOD : com.bootdo.common.controller.FileController.list
2018-11-30 09:55:01 -参数 : [{limit=12, offset=0, type=0}]
2018-11-30 09:55:01 -==>  Preparing: select `id`,`type`,`url`,`create_date` from sys_file WHERE type = ? order by id desc limit ?, ? 
2018-11-30 09:55:01 -==> Parameters: 0(String), 0(Integer), 12(Integer)
2018-11-30 09:55:01 -<==      Total: 3
2018-11-30 09:55:01 -==>  Preparing: select count(*) from sys_file WHERE type = ? 
2018-11-30 09:55:01 -==> Parameters: 0(String)
2018-11-30 09:55:01 -<==      Total: 1
2018-11-30 09:55:01 -耗时 : 8
2018-11-30 09:55:01 -返回值 : com.bootdo.common.utils.PageUtils@d51f653
2018-11-30 09:55:02 -请求地址 : http://localhost:8099/common/sysFile/list
2018-11-30 09:55:02 -HTTP METHOD : GET
2018-11-30 09:55:02 -CLASS_METHOD : com.bootdo.common.controller.FileController.list
2018-11-30 09:55:02 -参数 : [{limit=12, offset=0, type=2}]
2018-11-30 09:55:02 -==>  Preparing: select `id`,`type`,`url`,`create_date` from sys_file WHERE type = ? order by id desc limit ?, ? 
2018-11-30 09:55:02 -==> Parameters: 2(String), 0(Integer), 12(Integer)
2018-11-30 09:55:02 -<==      Total: 0
2018-11-30 09:55:02 -==>  Preparing: select count(*) from sys_file WHERE type = ? 
2018-11-30 09:55:02 -==> Parameters: 2(String)
2018-11-30 09:55:02 -<==      Total: 1
2018-11-30 09:55:02 -耗时 : 5
2018-11-30 09:55:02 -返回值 : com.bootdo.common.utils.PageUtils@598392b
2018-11-30 09:55:03 -请求地址 : http://localhost:8099/common/sysFile/list
2018-11-30 09:55:03 -HTTP METHOD : GET
2018-11-30 09:55:03 -CLASS_METHOD : com.bootdo.common.controller.FileController.list
2018-11-30 09:55:03 -参数 : [{limit=12, offset=0, type=3}]
2018-11-30 09:55:03 -==>  Preparing: select `id`,`type`,`url`,`create_date` from sys_file WHERE type = ? order by id desc limit ?, ? 
2018-11-30 09:55:03 -==> Parameters: 3(String), 0(Integer), 12(Integer)
2018-11-30 09:55:03 -<==      Total: 0
2018-11-30 09:55:03 -==>  Preparing: select count(*) from sys_file WHERE type = ? 
2018-11-30 09:55:03 -==> Parameters: 3(String)
2018-11-30 09:55:03 -<==      Total: 1
2018-11-30 09:55:03 -耗时 : 6
2018-11-30 09:55:03 -返回值 : com.bootdo.common.utils.PageUtils@5c9f4ed7
2018-11-30 09:55:03 -请求地址 : http://localhost:8099/common/sysFile/list
2018-11-30 09:55:03 -HTTP METHOD : GET
2018-11-30 09:55:03 -CLASS_METHOD : com.bootdo.common.controller.FileController.list
2018-11-30 09:55:03 -参数 : [{limit=12, offset=0, type=99}]
2018-11-30 09:55:03 -==>  Preparing: select `id`,`type`,`url`,`create_date` from sys_file WHERE type = ? order by id desc limit ?, ? 
2018-11-30 09:55:03 -==> Parameters: 99(String), 0(Integer), 12(Integer)
2018-11-30 09:55:03 -<==      Total: 0
2018-11-30 09:55:03 -==>  Preparing: select count(*) from sys_file WHERE type = ? 
2018-11-30 09:55:03 -==> Parameters: 99(String)
2018-11-30 09:55:03 -<==      Total: 1
2018-11-30 09:55:03 -耗时 : 4
2018-11-30 09:55:03 -返回值 : com.bootdo.common.utils.PageUtils@7dec6191
